  stdafx.cpp
  animation.cpp
  attackState.cpp
c:\users\kyungwoong kang\desktop\winapi-worms\jumpstate.h(11): warning C4305: '초기화 중': 'double'에서 'float'(으)로 잘립니다.
c:\users\kyungwoong kang\desktop\winapi-worms\longjumpstate.h(13): warning C4305: '초기화 중': 'double'에서 'float'(으)로 잘립니다.
c:\users\kyungwoong kang\desktop\winapi-worms\worm.h(36): warning C4305: '초기화 중': 'double'에서 'float'(으)로 잘립니다.
c:\users\kyungwoong kang\desktop\winapi-worms\worm.h(112): warning C4244: '인수': 'float'에서 'int'(으)로 변환하면서 데이터가 손실될 수 있습니다.
  banana.cpp
  bananaWeapon.cpp
c:\users\kyungwoong kang\desktop\winapi-worms\worm.h(36): warning C4305: '초기화 중': 'double'에서 'float'(으)로 잘립니다.
c:\users\kyungwoong kang\desktop\winapi-worms\worm.h(112): warning C4244: '인수': 'float'에서 'int'(으)로 변환하면서 데이터가 손실될 수 있습니다.
  cameraManager.cpp
c:\users\kyungwoong kang\desktop\winapi-worms\cameramanager.cpp(132): warning C4244: '초기화 중': 'float'에서 'LONG'(으)로 변환하면서 데이터가 손실될 수 있습니다.
c:\users\kyungwoong kang\desktop\winapi-worms\cameramanager.cpp(146): warning C4244: '초기화 중': 'float'에서 'LONG'(으)로 변환하면서 데이터가 손실될 수 있습니다.
c:\users\kyungwoong kang\desktop\winapi-worms\cameramanager.cpp(158): warning C4244: '초기화 중': 'float'에서 'LONG'(으)로 변환하면서 데이터가 손실될 수 있습니다.
c:\users\kyungwoong kang\desktop\winapi-worms\cameramanager.cpp(170): warning C4244: '초기화 중': 'float'에서 'LONG'(으)로 변환하면서 데이터가 손실될 수 있습니다.
c:\users\kyungwoong kang\desktop\winapi-worms\cameramanager.cpp(177): warning C4838: 'float'에서 'LONG'(으)로의 변환에는 축소 변환이 필요합니다.
c:\users\kyungwoong kang\desktop\winapi-worms\cameramanager.cpp(177): warning C4244: '초기화 중': 'float'에서 'LONG'(으)로 변환하면서 데이터가 손실될 수 있습니다.
c:\users\kyungwoong kang\desktop\winapi-worms\cameramanager.cpp(190): warning C4838: 'float'에서 'LONG'(으)로의 변환에는 축소 변환이 필요합니다.
c:\users\kyungwoong kang\desktop\winapi-worms\cameramanager.cpp(190): warning C4244: '초기화 중': 'float'에서 'LONG'(으)로 변환하면서 데이터가 손실될 수 있습니다.
c:\users\kyungwoong kang\desktop\winapi-worms\cameramanager.cpp(204): warning C4244: '인수': 'float'에서 'int'(으)로 변환하면서 데이터가 손실될 수 있습니다.
c:\users\kyungwoong kang\desktop\winapi-worms\cameramanager.cpp(211): warning C4244: '인수': 'float'에서 'int'(으)로 변환하면서 데이터가 손실될 수 있습니다.
c:\users\kyungwoong kang\desktop\winapi-worms\cameramanager.cpp(218): warning C4244: '인수': 'float'에서 'int'(으)로 변환하면서 데이터가 손실될 수 있습니다.
c:\users\kyungwoong kang\desktop\winapi-worms\cameramanager.cpp(225): warning C4244: '인수': 'float'에서 'int'(으)로 변환하면서 데이터가 손실될 수 있습니다.
c:\users\kyungwoong kang\desktop\winapi-worms\cameramanager.cpp(234): warning C4244: '인수': 'float'에서 'int'(으)로 변환하면서 데이터가 손실될 수 있습니다.
c:\users\kyungwoong kang\desktop\winapi-worms\cameramanager.cpp(238): warning C4244: '인수': 'float'에서 'int'(으)로 변환하면서 데이터가 손실될 수 있습니다.
c:\users\kyungwoong kang\desktop\winapi-worms\cameramanager.cpp(252): warning C4244: '인수': 'float'에서 'int'(으)로 변환하면서 데이터가 손실될 수 있습니다.
c:\users\kyungwoong kang\desktop\winapi-worms\cameramanager.cpp(259): warning C4244: '인수': 'float'에서 'int'(으)로 변환하면서 데이터가 손실될 수 있습니다.
c:\users\kyungwoong kang\desktop\winapi-worms\cameramanager.cpp(266): warning C4244: '인수': 'float'에서 'int'(으)로 변환하면서 데이터가 손실될 수 있습니다.
c:\users\kyungwoong kang\desktop\winapi-worms\cameramanager.cpp(274): warning C4244: '인수': 'float'에서 'int'(으)로 변환하면서 데이터가 손실될 수 있습니다.
c:\users\kyungwoong kang\desktop\winapi-worms\cameramanager.cpp(301): warning C4244: '인수': 'float'에서 'int'(으)로 변환하면서 데이터가 손실될 수 있습니다.
c:\users\kyungwoong kang\desktop\winapi-worms\cameramanager.cpp(300): warning C4244: '인수': 'float'에서 'int'(으)로 변환하면서 데이터가 손실될 수 있습니다.
  collision.cpp
c:\users\kyungwoong kang\desktop\winapi-worms\collision.cpp(167): warning C4244: '=': 'float'에서 'LONG'(으)로 변환하면서 데이터가 손실될 수 있습니다.
c:\users\kyungwoong kang\desktop\winapi-worms\collision.cpp(168): warning C4244: '=': 'float'에서 'LONG'(으)로 변환하면서 데이터가 손실될 수 있습니다.
c:\users\kyungwoong kang\desktop\winapi-worms\collision.cpp(169): warning C4244: '=': 'float'에서 'LONG'(으)로 변환하면서 데이터가 손실될 수 있습니다.
c:\users\kyungwoong kang\desktop\winapi-worms\collision.cpp(170): warning C4244: '=': 'float'에서 'LONG'(으)로 변환하면서 데이터가 손실될 수 있습니다.
  deadState.cpp
c:\users\kyungwoong kang\desktop\winapi-worms\worm.h(36): warning C4305: '초기화 중': 'double'에서 'float'(으)로 잘립니다.
c:\users\kyungwoong kang\desktop\winapi-worms\worm.h(112): warning C4244: '인수': 'float'에서 'int'(으)로 변환하면서 데이터가 손실될 수 있습니다.
c:\users\kyungwoong kang\desktop\winapi-worms\deadstate.cpp(37): warning C4244: '인수': 'float'에서 'int'(으)로 변환하면서 데이터가 손실될 수 있습니다.
c:\users\kyungwoong kang\desktop\winapi-worms\deadstate.cpp(38): warning C4244: '인수': 'float'에서 'int'(으)로 변환하면서 데이터가 손실될 수 있습니다.
c:\users\kyungwoong kang\desktop\winapi-worms\deadstate.cpp(39): warning C4244: '인수': 'float'에서 'int'(으)로 변환하면서 데이터가 손실될 수 있습니다.
c:\users\kyungwoong kang\desktop\winapi-worms\deadstate.cpp(43): warning C4305: '인수': 'double'에서 'float'(으)로 잘립니다.
c:\users\kyungwoong kang\desktop\winapi-worms\deadstate.cpp(57): warning C4305: '인수': 'double'에서 'float'(으)로 잘립니다.
c:\users\kyungwoong kang\desktop\winapi-worms\deadstate.cpp(74): warning C4244: '인수': 'float'에서 'int'(으)로 변환하면서 데이터가 손실될 수 있습니다.
c:\users\kyungwoong kang\desktop\winapi-worms\deadstate.cpp(78): warning C4244: '인수': 'float'에서 'int'(으)로 변환하면서 데이터가 손실될 수 있습니다.
  donkey.cpp
c:\users\kyungwoong kang\desktop\winapi-worms\worm.h(36): warning C4305: '초기화 중': 'double'에서 'float'(으)로 잘립니다.
c:\users\kyungwoong kang\desktop\winapi-worms\worm.h(112): warning C4244: '인수': 'float'에서 'int'(으)로 변환하면서 데이터가 손실될 수 있습니다.
c:\users\kyungwoong kang\desktop\winapi-worms\donkey.cpp(10): warning C4244: '초기화 중': 'double'에서 'float'(으)로 변환하면서 데이터가 손실될 수 있습니다.
c:\users\kyungwoong kang\desktop\winapi-worms\donkey.cpp(15): warning C4244: '인수': 'float'에서 'int'(으)로 변환하면서 데이터가 손실될 수 있습니다.
c:\users\kyungwoong kang\desktop\winapi-worms\donkey.cpp(16): warning C4244: '인수': 'float'에서 'int'(으)로 변환하면서 데이터가 손실될 수 있습니다.
c:\users\kyungwoong kang\desktop\winapi-worms\donkey.cpp(17): warning C4244: '인수': 'float'에서 'int'(으)로 변환하면서 데이터가 손실될 수 있습니다.
  donkeyWeapon.cpp
c:\users\kyungwoong kang\desktop\winapi-worms\worm.h(36): warning C4305: '초기화 중': 'double'에서 'float'(으)로 잘립니다.
c:\users\kyungwoong kang\desktop\winapi-worms\worm.h(112): warning C4244: '인수': 'float'에서 'int'(으)로 변환하면서 데이터가 손실될 수 있습니다.
c:\users\kyungwoong kang\desktop\winapi-worms\donkeyweapon.cpp(105): warning C4244: '=': 'LONG'에서 'float'(으)로 변환하면서 데이터가 손실될 수 있습니다.
c:\users\kyungwoong kang\desktop\winapi-worms\donkeyweapon.cpp(106): warning C4244: '=': 'LONG'에서 'float'(으)로 변환하면서 데이터가 손실될 수 있습니다.
c:\users\kyungwoong kang\desktop\winapi-worms\donkeyweapon.cpp(165): warning C4244: '인수': 'float'에서 'int'(으)로 변환하면서 데이터가 손실될 수 있습니다.
c:\users\kyungwoong kang\desktop\winapi-worms\donkeyweapon.cpp(174): warning C4244: '인수': 'float'에서 'int'(으)로 변환하면서 데이터가 손실될 수 있습니다.
  effect.cpp
c:\users\kyungwoong kang\desktop\winapi-worms\effect.cpp(58): warning C4244: '인수': 'int'에서 'float'(으)로 변환하면서 데이터가 손실될 수 있습니다.
c:\users\kyungwoong kang\desktop\winapi-worms\effect.cpp(58): warning C4244: '인수': 'LONG'에서 'float'(으)로 변환하면서 데이터가 손실될 수 있습니다.
c:\users\kyungwoong kang\desktop\winapi-worms\effect.cpp(57): warning C4244: '인수': 'int'에서 'float'(으)로 변환하면서 데이터가 손실될 수 있습니다.
  effectManager.cpp
  fallenState.cpp
c:\users\kyungwoong kang\desktop\winapi-worms\jumpstate.h(11): warning C4305: '초기화 중': 'double'에서 'float'(으)로 잘립니다.
c:\users\kyungwoong kang\desktop\winapi-worms\longjumpstate.h(13): warning C4305: '초기화 중': 'double'에서 'float'(으)로 잘립니다.
c:\users\kyungwoong kang\desktop\winapi-worms\worm.h(36): warning C4305: '초기화 중': 'double'에서 'float'(으)로 잘립니다.
c:\users\kyungwoong kang\desktop\winapi-worms\worm.h(112): warning C4244: '인수': 'float'에서 'int'(으)로 변환하면서 데이터가 손실될 수 있습니다.
c:\users\kyungwoong kang\desktop\winapi-worms\fallenstate.cpp(28): warning C4305: '인수': 'double'에서 'float'(으)로 잘립니다.
c:\users\kyungwoong kang\desktop\winapi-worms\fallenstate.cpp(35): warning C4244: '인수': 'float'에서 'int'(으)로 변환하면서 데이터가 손실될 수 있습니다.
c:\users\kyungwoong kang\desktop\winapi-worms\fallenstate.cpp(68): warning C4244: '초기화 중': 'LONG'에서 'float'(으)로 변환하면서 데이터가 손실될 수 있습니다.
c:\users\kyungwoong kang\desktop\winapi-worms\fallenstate.cpp(71): warning C4244: '인수': 'float'에서 'int'(으)로 변환하면서 데이터가 손실될 수 있습니다.
  flyState.cpp
c:\users\kyungwoong kang\desktop\winapi-worms\jumpstate.h(11): warning C4305: '초기화 중': 'double'에서 'float'(으)로 잘립니다.
c:\users\kyungwoong kang\desktop\winapi-worms\longjumpstate.h(13): warning C4305: '초기화 중': 'double'에서 'float'(으)로 잘립니다.
c:\users\kyungwoong kang\desktop\winapi-worms\worm.h(36): warning C4305: '초기화 중': 'double'에서 'float'(으)로 잘립니다.
c:\users\kyungwoong kang\desktop\winapi-worms\worm.h(112): warning C4244: '인수': 'float'에서 'int'(으)로 변환하면서 데이터가 손실될 수 있습니다.
c:\users\kyungwoong kang\desktop\winapi-worms\flystate.cpp(32): warning C4244: '초기화 중': 'float'에서 'int'(으)로 변환하면서 데이터가 손실될 수 있습니다.
c:\users\kyungwoong kang\desktop\winapi-worms\flystate.cpp(33): warning C4244: '초기화 중': 'float'에서 'int'(으)로 변환하면서 데이터가 손실될 수 있습니다.
c:\users\kyungwoong kang\desktop\winapi-worms\flystate.cpp(66): warning C4305: '인수': 'double'에서 'float'(으)로 잘립니다.
c:\users\kyungwoong kang\desktop\winapi-worms\flystate.cpp(115): warning C4244: '인수': 'double'에서 'float'(으)로 변환하면서 데이터가 손실될 수 있습니다.
c:\users\kyungwoong kang\desktop\winapi-worms\flystate.cpp(137): warning C4244: '초기화 중': 'LONG'에서 'float'(으)로 변환하면서 데이터가 손실될 수 있습니다.
c:\users\kyungwoong kang\desktop\winapi-worms\flystate.cpp(174): warning C4244: '인수': 'float'에서 'int'(으)로 변환하면서 데이터가 손실될 수 있습니다.
  gameNode.cpp
c:\users\kyungwoong kang\desktop\winapi-worms\gamenode.cpp(100): warning C4244: '=': 'float'에서 'LONG'(으)로 변환하면서 데이터가 손실될 수 있습니다.
c:\users\kyungwoong kang\desktop\winapi-worms\gamenode.cpp(101): warning C4244: '=': 'float'에서 'LONG'(으)로 변환하면서 데이터가 손실될 수 있습니다.
c:\users\kyungwoong kang\desktop\winapi-worms\gamenode.cpp(94): warning C4101: 'hdc' :참조되지 않은 지역 변수입니다.
c:\users\kyungwoong kang\desktop\winapi-worms\gamenode.cpp(93): warning C4101: 'ps' :참조되지 않은 지역 변수입니다.
  homing.cpp
c:\users\kyungwoong kang\desktop\winapi-worms\worm.h(36): warning C4305: '초기화 중': 'double'에서 'float'(으)로 잘립니다.
c:\users\kyungwoong kang\desktop\winapi-worms\worm.h(112): warning C4244: '인수': 'float'에서 'int'(으)로 변환하면서 데이터가 손실될 수 있습니다.
c:\users\kyungwoong kang\desktop\winapi-worms\homing.cpp(25): warning C4244: '인수': 'float'에서 'int'(으)로 변환하면서 데이터가 손실될 수 있습니다.
c:\users\kyungwoong kang\desktop\winapi-worms\homing.cpp(30): warning C4244: '인수': 'float'에서 'int'(으)로 변환하면서 데이터가 손실될 수 있습니다.
c:\users\kyungwoong kang\desktop\winapi-worms\homing.cpp(31): warning C4244: '인수': 'float'에서 'int'(으)로 변환하면서 데이터가 손실될 수 있습니다.
c:\users\kyungwoong kang\desktop\winapi-worms\homing.cpp(32): warning C4244: '인수': 'float'에서 'int'(으)로 변환하면서 데이터가 손실될 수 있습니다.
c:\users\kyungwoong kang\desktop\winapi-worms\homing.cpp(52): warning C4244: '인수': 'float'에서 'int'(으)로 변환하면서 데이터가 손실될 수 있습니다.
  homingWeapon.cpp
c:\users\kyungwoong kang\desktop\winapi-worms\worm.h(36): warning C4305: '초기화 중': 'double'에서 'float'(으)로 잘립니다.
c:\users\kyungwoong kang\desktop\winapi-worms\worm.h(112): warning C4244: '인수': 'float'에서 'int'(으)로 변환하면서 데이터가 손실될 수 있습니다.
c:\users\kyungwoong kang\desktop\winapi-worms\homingweapon.cpp(98): warning C4244: '=': 'LONG'에서 'float'(으)로 변환하면서 데이터가 손실될 수 있습니다.
c:\users\kyungwoong kang\desktop\winapi-worms\homingweapon.cpp(99): warning C4244: '=': 'LONG'에서 'float'(으)로 변환하면서 데이터가 손실될 수 있습니다.
c:\users\kyungwoong kang\desktop\winapi-worms\homingweapon.cpp(180): warning C4244: '인수': 'float'에서 'int'(으)로 변환하면서 데이터가 손실될 수 있습니다.
  idleState.cpp
c:\users\kyungwoong kang\desktop\winapi-worms\jumpstate.h(11): warning C4305: '초기화 중': 'double'에서 'float'(으)로 잘립니다.
c:\users\kyungwoong kang\desktop\winapi-worms\longjumpstate.h(13): warning C4305: '초기화 중': 'double'에서 'float'(으)로 잘립니다.
c:\users\kyungwoong kang\desktop\winapi-worms\worm.h(36): warning C4305: '초기화 중': 'double'에서 'float'(으)로 잘립니다.
c:\users\kyungwoong kang\desktop\winapi-worms\worm.h(112): warning C4244: '인수': 'float'에서 'int'(으)로 변환하면서 데이터가 손실될 수 있습니다.
c:\users\kyungwoong kang\desktop\winapi-worms\idlestate.cpp(68): warning C4244: '초기화 중': 'LONG'에서 'float'(으)로 변환하면서 데이터가 손실될 수 있습니다.
c:\users\kyungwoong kang\desktop\winapi-worms\idlestate.cpp(72): warning C4244: '인수': 'float'에서 'int'(으)로 변환하면서 데이터가 손실될 수 있습니다.
  image.cpp
c:\users\kyungwoong kang\desktop\winapi-worms\image.cpp(68): warning C4267: '초기화 중': 'size_t'에서 'int'(으)로 변환하면서 데이터가 손실될 수 있습니다.
c:\users\kyungwoong kang\desktop\winapi-worms\image.cpp(126): warning C4267: '초기화 중': 'size_t'에서 'int'(으)로 변환하면서 데이터가 손실될 수 있습니다.
c:\users\kyungwoong kang\desktop\winapi-worms\image.cpp(181): warning C4267: '초기화 중': 'size_t'에서 'int'(으)로 변환하면서 데이터가 손실될 수 있습니다.
c:\users\kyungwoong kang\desktop\winapi-worms\image.cpp(248): warning C4244: '인수': 'float'에서 'int'(으)로 변환하면서 데이터가 손실될 수 있습니다.
c:\users\kyungwoong kang\desktop\winapi-worms\image.cpp(247): warning C4244: '인수': 'float'에서 'int'(으)로 변환하면서 데이터가 손실될 수 있습니다.
c:\users\kyungwoong kang\desktop\winapi-worms\image.cpp(262): warning C4244: '인수': 'float'에서 'int'(으)로 변환하면서 데이터가 손실될 수 있습니다.
c:\users\kyungwoong kang\desktop\winapi-worms\image.cpp(261): warning C4244: '인수': 'float'에서 'int'(으)로 변환하면서 데이터가 손실될 수 있습니다.
c:\users\kyungwoong kang\desktop\winapi-worms\image.cpp(512): warning C4244: '초기화 중': 'int'에서 'float'(으)로 변환하면서 데이터가 손실될 수 있습니다.
c:\users\kyungwoong kang\desktop\winapi-worms\image.cpp(513): warning C4244: '초기화 중': 'int'에서 'float'(으)로 변환하면서 데이터가 손실될 수 있습니다.
c:\users\kyungwoong kang\desktop\winapi-worms\image.cpp(514): warning C4244: '초기화 중': 'int'에서 'float'(으)로 변환하면서 데이터가 손실될 수 있습니다.
c:\users\kyungwoong kang\desktop\winapi-worms\image.cpp(515): warning C4244: '초기화 중': 'int'에서 'float'(으)로 변환하면서 데이터가 손실될 수 있습니다.
c:\users\kyungwoong kang\desktop\winapi-worms\image.cpp(517): warning C4244: '인수': 'float'에서 'int'(으)로 변환하면서 데이터가 손실될 수 있습니다.
c:\users\kyungwoong kang\desktop\winapi-worms\image.cpp(671): warning C4244: '인수': 'float'에서 'int'(으)로 변환하면서 데이터가 손실될 수 있습니다.
c:\users\kyungwoong kang\desktop\winapi-worms\image.cpp(679): warning C4244: '인수': 'float'에서 'int'(으)로 변환하면서 데이터가 손실될 수 있습니다.
c:\users\kyungwoong kang\desktop\winapi-worms\image.cpp(724): warning C4244: '인수': 'float'에서 'int'(으)로 변환하면서 데이터가 손실될 수 있습니다.
  imageManager.cpp
  object.cpp
  컴파일하고 있습니다...
  objectManager.cpp
  jumpState.cpp
c:\users\kyungwoong kang\desktop\winapi-worms\jumpstate.h(11): warning C4305: '초기화 중': 'double'에서 'float'(으)로 잘립니다.
c:\users\kyungwoong kang\desktop\winapi-worms\longjumpstate.h(13): warning C4305: '초기화 중': 'double'에서 'float'(으)로 잘립니다.
c:\users\kyungwoong kang\desktop\winapi-worms\worm.h(36): warning C4305: '초기화 중': 'double'에서 'float'(으)로 잘립니다.
c:\users\kyungwoong kang\desktop\winapi-worms\worm.h(112): warning C4244: '인수': 'float'에서 'int'(으)로 변환하면서 데이터가 손실될 수 있습니다.
c:\users\kyungwoong kang\desktop\winapi-worms\jumpstate.cpp(62): warning C4305: '인수': 'double'에서 'float'(으)로 잘립니다.
c:\users\kyungwoong kang\desktop\winapi-worms\jumpstate.cpp(69): warning C4244: '인수': 'float'에서 'int'(으)로 변환하면서 데이터가 손실될 수 있습니다.
c:\users\kyungwoong kang\desktop\winapi-worms\jumpstate.cpp(104): warning C4244: '초기화 중': 'LONG'에서 'float'(으)로 변환하면서 데이터가 손실될 수 있습니다.
c:\users\kyungwoong kang\desktop\winapi-worms\jumpstate.cpp(107): warning C4244: '인수': 'float'에서 'int'(으)로 변환하면서 데이터가 손실될 수 있습니다.
  keyManager.cpp
  longJumpState.cpp
c:\users\kyungwoong kang\desktop\winapi-worms\jumpstate.h(11): warning C4305: '초기화 중': 'double'에서 'float'(으)로 잘립니다.
c:\users\kyungwoong kang\desktop\winapi-worms\longjumpstate.h(13): warning C4305: '초기화 중': 'double'에서 'float'(으)로 잘립니다.
c:\users\kyungwoong kang\desktop\winapi-worms\worm.h(36): warning C4305: '초기화 중': 'double'에서 'float'(으)로 잘립니다.
c:\users\kyungwoong kang\desktop\winapi-worms\worm.h(112): warning C4244: '인수': 'float'에서 'int'(으)로 변환하면서 데이터가 손실될 수 있습니다.
c:\users\kyungwoong kang\desktop\winapi-worms\longjumpstate.cpp(44): warning C4305: '인수': 'double'에서 'float'(으)로 잘립니다.
c:\users\kyungwoong kang\desktop\winapi-worms\longjumpstate.cpp(51): warning C4244: '인수': 'float'에서 'int'(으)로 변환하면서 데이터가 손실될 수 있습니다.
c:\users\kyungwoong kang\desktop\winapi-worms\longjumpstate.cpp(82): warning C4244: '초기화 중': 'LONG'에서 'float'(으)로 변환하면서 데이터가 손실될 수 있습니다.
c:\users\kyungwoong kang\desktop\winapi-worms\longjumpstate.cpp(85): warning C4244: '인수': 'float'에서 'int'(으)로 변환하면서 데이터가 손실될 수 있습니다.
  moveState.cpp
c:\users\kyungwoong kang\desktop\winapi-worms\jumpstate.h(11): warning C4305: '초기화 중': 'double'에서 'float'(으)로 잘립니다.
c:\users\kyungwoong kang\desktop\winapi-worms\longjumpstate.h(13): warning C4305: '초기화 중': 'double'에서 'float'(으)로 잘립니다.
c:\users\kyungwoong kang\desktop\winapi-worms\worm.h(36): warning C4305: '초기화 중': 'double'에서 'float'(으)로 잘립니다.
c:\users\kyungwoong kang\desktop\winapi-worms\worm.h(112): warning C4244: '인수': 'float'에서 'int'(으)로 변환하면서 데이터가 손실될 수 있습니다.
c:\users\kyungwoong kang\desktop\winapi-worms\movestate.cpp(77): warning C4244: '초기화 중': 'LONG'에서 'float'(으)로 변환하면서 데이터가 손실될 수 있습니다.
c:\users\kyungwoong kang\desktop\winapi-worms\movestate.cpp(81): warning C4244: '인수': 'float'에서 'int'(으)로 변환하면서 데이터가 손실될 수 있습니다.
  playGround.cpp
c:\users\kyungwoong kang\desktop\winapi-worms\worm.h(36): warning C4305: '초기화 중': 'double'에서 'float'(으)로 잘립니다.
c:\users\kyungwoong kang\desktop\winapi-worms\worm.h(112): warning C4244: '인수': 'float'에서 'int'(으)로 변환하면서 데이터가 손실될 수 있습니다.
  progressBar.cpp
c:\users\kyungwoong kang\desktop\winapi-worms\progressbar.cpp(19): warning C4244: '인수': 'float'에서 'int'(으)로 변환하면서 데이터가 손실될 수 있습니다.
c:\users\kyungwoong kang\desktop\winapi-worms\progressbar.cpp(25): warning C4244: '=': 'int'에서 'float'(으)로 변환하면서 데이터가 손실될 수 있습니다.
c:\users\kyungwoong kang\desktop\winapi-worms\progressbar.cpp(36): warning C4244: '인수': 'float'에서 'int'(으)로 변환하면서 데이터가 손실될 수 있습니다.
c:\users\kyungwoong kang\desktop\winapi-worms\progressbar.cpp(45): warning C4244: '인수': 'float'에서 'int'(으)로 변환하면서 데이터가 손실될 수 있습니다.
c:\users\kyungwoong kang\desktop\winapi-worms\progressbar.cpp(53): warning C4244: '인수': 'float'에서 'int'(으)로 변환하면서 데이터가 손실될 수 있습니다.
c:\users\kyungwoong kang\desktop\winapi-worms\progressbar.cpp(51): warning C4244: '인수': 'float'에서 'int'(으)로 변환하면서 데이터가 손실될 수 있습니다.
  projectile.cpp
c:\users\kyungwoong kang\desktop\winapi-worms\worm.h(36): warning C4305: '초기화 중': 'double'에서 'float'(으)로 잘립니다.
c:\users\kyungwoong kang\desktop\winapi-worms\worm.h(112): warning C4244: '인수': 'float'에서 'int'(으)로 변환하면서 데이터가 손실될 수 있습니다.
c:\users\kyungwoong kang\desktop\winapi-worms\projectile.cpp(8): warning C4244: '인수': 'float'에서 'int'(으)로 변환하면서 데이터가 손실될 수 있습니다.
c:\users\kyungwoong kang\desktop\winapi-worms\projectile.cpp(31): warning C4244: '인수': 'float'에서 'int'(으)로 변환하면서 데이터가 손실될 수 있습니다.
c:\users\kyungwoong kang\desktop\winapi-worms\projectile.cpp(46): warning C4244: '초기화 중': 'float'에서 'int'(으)로 변환하면서 데이터가 손실될 수 있습니다.
c:\users\kyungwoong kang\desktop\winapi-worms\projectile.cpp(54): warning C4305: '+=': 'double'에서 'float'(으)로 잘립니다.
c:\users\kyungwoong kang\desktop\winapi-worms\projectile.cpp(74): warning C4244: '인수': 'float'에서 'int'(으)로 변환하면서 데이터가 손실될 수 있습니다.
c:\users\kyungwoong kang\desktop\winapi-worms\projectile.cpp(78): warning C4244: '인수': 'float'에서 'int'(으)로 변환하면서 데이터가 손실될 수 있습니다.
c:\users\kyungwoong kang\desktop\winapi-worms\projectile.cpp(92): warning C4244: '인수': 'float'에서 'int'(으)로 변환하면서 데이터가 손실될 수 있습니다.
c:\users\kyungwoong kang\desktop\winapi-worms\projectile.cpp(93): warning C4244: '초기화 중': 'double'에서 'float'(으)로 변환하면서 데이터가 손실될 수 있습니다.
c:\users\kyungwoong kang\desktop\winapi-worms\projectile.cpp(98): warning C4244: '인수': 'float'에서 'int'(으)로 변환하면서 데이터가 손실될 수 있습니다.
c:\users\kyungwoong kang\desktop\winapi-worms\projectile.cpp(99): warning C4244: '인수': 'float'에서 'int'(으)로 변환하면서 데이터가 손실될 수 있습니다.
c:\users\kyungwoong kang\desktop\winapi-worms\projectile.cpp(100): warning C4244: '인수': 'float'에서 'int'(으)로 변환하면서 데이터가 손실될 수 있습니다.
  projectileManager.cpp
  sceneManager.cpp
  soundManager.cpp
  stageManager.cpp
c:\users\kyungwoong kang\desktop\winapi-worms\worm.h(36): warning C4305: '초기화 중': 'double'에서 'float'(으)로 잘립니다.
c:\users\kyungwoong kang\desktop\winapi-worms\worm.h(112): warning C4244: '인수': 'float'에서 'int'(으)로 변환하면서 데이터가 손실될 수 있습니다.
c:\users\kyungwoong kang\desktop\winapi-worms\stagemanager.cpp(48): warning C4244: '=': 'int'에서 'float'(으)로 변환하면서 데이터가 손실될 수 있습니다.
c:\users\kyungwoong kang\desktop\winapi-worms\stagemanager.cpp(172): warning C4244: '인수': 'float'에서 'int'(으)로 변환하면서 데이터가 손실될 수 있습니다.
c:\users\kyungwoong kang\desktop\winapi-worms\stagemanager.cpp(190): warning C4244: '인수': 'int'에서 'float'(으)로 변환하면서 데이터가 손실될 수 있습니다.
c:\users\kyungwoong kang\desktop\winapi-worms\stagemanager.cpp(191): warning C4244: '인수': 'int'에서 'float'(으)로 변환하면서 데이터가 손실될 수 있습니다.
c:\users\kyungwoong kang\desktop\winapi-worms\stagemanager.cpp(192): warning C4244: '인수': 'int'에서 'float'(으)로 변환하면서 데이터가 손실될 수 있습니다.
c:\users\kyungwoong kang\desktop\winapi-worms\stagemanager.cpp(264): warning C4838: 'float'에서 'LONG'(으)로의 변환에는 축소 변환이 필요합니다.
c:\users\kyungwoong kang\desktop\winapi-worms\stagemanager.cpp(264): warning C4244: '초기화 중': 'float'에서 'LONG'(으)로 변환하면서 데이터가 손실될 수 있습니다.
c:\users\kyungwoong kang\desktop\winapi-worms\stagemanager.cpp(266): warning C4244: '초기화 중': 'double'에서 'float'(으)로 변환하면서 데이터가 손실될 수 있습니다.
c:\users\kyungwoong kang\desktop\winapi-worms\stagemanager.cpp(267): warning C4838: 'float'에서 'LONG'(으)로의 변환에는 축소 변환이 필요합니다.
c:\users\kyungwoong kang\desktop\winapi-worms\stagemanager.cpp(267): warning C4244: '초기화 중': 'float'에서 'LONG'(으)로 변환하면서 데이터가 손실될 수 있습니다.
c:\users\kyungwoong kang\desktop\winapi-worms\stagemanager.cpp(269): warning C4244: '초기화 중': 'double'에서 'float'(으)로 변환하면서 데이터가 손실될 수 있습니다.
c:\users\kyungwoong kang\desktop\winapi-worms\stagemanager.cpp(270): warning C4838: 'float'에서 'LONG'(으)로의 변환에는 축소 변환이 필요합니다.
c:\users\kyungwoong kang\desktop\winapi-worms\stagemanager.cpp(270): warning C4244: '초기화 중': 'float'에서 'LONG'(으)로 변환하면서 데이터가 손실될 수 있습니다.
c:\users\kyungwoong kang\desktop\winapi-worms\stagemanager.cpp(350): warning C4267: '인수': 'size_t'에서 'int'(으)로 변환하면서 데이터가 손실될 수 있습니다.
c:\users\kyungwoong kang\desktop\winapi-worms\stagemanager.cpp(393): warning C4244: '인수': 'int'에서 'float'(으)로 변환하면서 데이터가 손실될 수 있습니다.
  stageScene.cpp
c:\users\kyungwoong kang\desktop\winapi-worms\worm.h(36): warning C4305: '초기화 중': 'double'에서 'float'(으)로 잘립니다.
c:\users\kyungwoong kang\desktop\winapi-worms\worm.h(112): warning C4244: '인수': 'float'에서 'int'(으)로 변환하면서 데이터가 손실될 수 있습니다.
c:\users\kyungwoong kang\desktop\winapi-worms\stagescene.cpp(59): warning C4244: '=': 'double'에서 'float'(으)로 변환하면서 데이터가 손실될 수 있습니다.
c:\users\kyungwoong kang\desktop\winapi-worms\stagescene.cpp(63): warning C4244: '=': 'double'에서 'float'(으)로 변환하면서 데이터가 손실될 수 있습니다.
  state.cpp
c:\users\kyungwoong kang\desktop\winapi-worms\worm.h(36): warning C4305: '초기화 중': 'double'에서 'float'(으)로 잘립니다.
c:\users\kyungwoong kang\desktop\winapi-worms\worm.h(112): warning C4244: '인수': 'float'에서 'int'(으)로 변환하면서 데이터가 손실될 수 있습니다.
  timeManager.cpp
c:\users\kyungwoong kang\desktop\winapi-worms\timemanager.cpp(61): warning C4267: '인수': 'size_t'에서 'int'(으)로 변환하면서 데이터가 손실될 수 있습니다.
  timer.cpp
c:\users\kyungwoong kang\desktop\winapi-worms\timer.cpp(61): warning C4244: '=': 'float'에서 'unsigned long'(으)로 변환하면서 데이터가 손실될 수 있습니다.
  txtData.cpp
  uiManager.cpp
c:\users\kyungwoong kang\desktop\winapi-worms\worm.h(36): warning C4305: '초기화 중': 'double'에서 'float'(으)로 잘립니다.
c:\users\kyungwoong kang\desktop\winapi-worms\worm.h(112): warning C4244: '인수': 'float'에서 'int'(으)로 변환하면서 데이터가 손실될 수 있습니다.
c:\users\kyungwoong kang\desktop\winapi-worms\uimanager.cpp(21): warning C4267: '인수': 'size_t'에서 'int'(으)로 변환하면서 데이터가 손실될 수 있습니다.
c:\users\kyungwoong kang\desktop\winapi-worms\uimanager.cpp(43): warning C4838: 'float'에서 'LONG'(으)로의 변환에는 축소 변환이 필요합니다.
c:\users\kyungwoong kang\desktop\winapi-worms\uimanager.cpp(43): warning C4244: '초기화 중': 'float'에서 'LONG'(으)로 변환하면서 데이터가 손실될 수 있습니다.
c:\users\kyungwoong kang\desktop\winapi-worms\uimanager.cpp(53): warning C4838: 'float'에서 'LONG'(으)로의 변환에는 축소 변환이 필요합니다.
c:\users\kyungwoong kang\desktop\winapi-worms\uimanager.cpp(53): warning C4244: '초기화 중': 'float'에서 'LONG'(으)로 변환하면서 데이터가 손실될 수 있습니다.
c:\users\kyungwoong kang\desktop\winapi-worms\uimanager.cpp(68): warning C4267: '초기화 중': 'size_t'에서 'int'(으)로 변환하면서 데이터가 손실될 수 있습니다.
c:\users\kyungwoong kang\desktop\winapi-worms\uimanager.cpp(75): warning C4244: '초기화 중': 'float'에서 'int'(으)로 변환하면서 데이터가 손실될 수 있습니다.
c:\users\kyungwoong kang\desktop\winapi-worms\uimanager.cpp(85): warning C4267: '인수': 'size_t'에서 'int'(으)로 변환하면서 데이터가 손실될 수 있습니다.
c:\users\kyungwoong kang\desktop\winapi-worms\uimanager.cpp(137): warning C4267: '인수': 'size_t'에서 'int'(으)로 변환하면서 데이터가 손실될 수 있습니다.
c:\users\kyungwoong kang\desktop\winapi-worms\uimanager.cpp(244): warning C4838: 'float'에서 'LONG'(으)로의 변환에는 축소 변환이 필요합니다.
c:\users\kyungwoong kang\desktop\winapi-worms\uimanager.cpp(244): warning C4244: '초기화 중': 'float'에서 'LONG'(으)로 변환하면서 데이터가 손실될 수 있습니다.
c:\users\kyungwoong kang\desktop\winapi-worms\uimanager.cpp(246): warning C4267: '인수': 'size_t'에서 'int'(으)로 변환하면서 데이터가 손실될 수 있습니다.
c:\users\kyungwoong kang\desktop\winapi-worms\uimanager.cpp(246): warning C4244: '인수': 'float'에서 'int'(으)로 변환하면서 데이터가 손실될 수 있습니다.
c:\users\kyungwoong kang\desktop\winapi-worms\uimanager.cpp(250): warning C4267: '초기화 중': 'size_t'에서 'int'(으)로 변환하면서 데이터가 손실될 수 있습니다.
c:\users\kyungwoong kang\desktop\winapi-worms\uimanager.cpp(262): warning C4267: '인수': 'size_t'에서 'int'(으)로 변환하면서 데이터가 손실될 수 있습니다.
c:\users\kyungwoong kang\desktop\winapi-worms\uimanager.cpp(262): warning C4244: '인수': 'float'에서 'int'(으)로 변환하면서 데이터가 손실될 수 있습니다.
  utils.cpp
  weapon.cpp
c:\users\kyungwoong kang\desktop\winapi-worms\worm.h(36): warning C4305: '초기화 중': 'double'에서 'float'(으)로 잘립니다.
c:\users\kyungwoong kang\desktop\winapi-worms\worm.h(112): warning C4244: '인수': 'float'에서 'int'(으)로 변환하면서 데이터가 손실될 수 있습니다.
  컴파일하고 있습니다...
  bazookaWeapon.cpp
c:\users\kyungwoong kang\desktop\winapi-worms\worm.h(36): warning C4305: '초기화 중': 'double'에서 'float'(으)로 잘립니다.
c:\users\kyungwoong kang\desktop\winapi-worms\worm.h(112): warning C4244: '인수': 'float'에서 'int'(으)로 변환하면서 데이터가 손실될 수 있습니다.
c:\users\kyungwoong kang\desktop\winapi-worms\bazookaweapon.cpp(163): warning C4244: '초기화 중': 'LONG'에서 'float'(으)로 변환하면서 데이터가 손실될 수 있습니다.
c:\users\kyungwoong kang\desktop\winapi-worms\bazookaweapon.cpp(170): warning C4244: '인수': 'float'에서 'int'(으)로 변환하면서 데이터가 손실될 수 있습니다.
c:\users\kyungwoong kang\desktop\winapi-worms\bazookaweapon.cpp(175): warning C4244: '초기화 중': 'float'에서 'int'(으)로 변환하면서 데이터가 손실될 수 있습니다.
c:\users\kyungwoong kang\desktop\winapi-worms\bazookaweapon.cpp(184): warning C4244: '초기화 중': 'float'에서 'int'(으)로 변환하면서 데이터가 손실될 수 있습니다.
c:\users\kyungwoong kang\desktop\winapi-worms\bazookaweapon.cpp(191): warning C4244: '+=': 'double'에서 'float'(으)로 변환하면서 데이터가 손실될 수 있습니다.
c:\users\kyungwoong kang\desktop\winapi-worms\bazookaweapon.cpp(192): warning C4244: '+=': 'double'에서 'float'(으)로 변환하면서 데이터가 손실될 수 있습니다.
  windowsAPI.cpp
c:\users\kyungwoong kang\desktop\winapi-worms\worm.h(36): warning C4305: '초기화 중': 'double'에서 'float'(으)로 잘립니다.
c:\users\kyungwoong kang\desktop\winapi-worms\worm.h(112): warning C4244: '인수': 'float'에서 'int'(으)로 변환하면서 데이터가 손실될 수 있습니다.
c:\users\kyungwoong kang\desktop\winapi-worms\windowsapi.cpp(92): warning C4244: 'return': 'WPARAM'에서 'int'(으)로 변환하면서 데이터가 손실될 수 있습니다.
  worm.cpp
c:\users\kyungwoong kang\desktop\winapi-worms\worm.h(36): warning C4305: '초기화 중': 'double'에서 'float'(으)로 잘립니다.
c:\users\kyungwoong kang\desktop\winapi-worms\worm.h(112): warning C4244: '인수': 'float'에서 'int'(으)로 변환하면서 데이터가 손실될 수 있습니다.
c:\users\kyungwoong kang\desktop\winapi-worms\jumpstate.h(11): warning C4305: '초기화 중': 'double'에서 'float'(으)로 잘립니다.
c:\users\kyungwoong kang\desktop\winapi-worms\longjumpstate.h(13): warning C4305: '초기화 중': 'double'에서 'float'(으)로 잘립니다.
c:\users\kyungwoong kang\desktop\winapi-worms\worm.cpp(13): warning C4244: '초기화 중': 'float'에서 'int'(으)로 변환하면서 데이터가 손실될 수 있습니다.
c:\users\kyungwoong kang\desktop\winapi-worms\worm.cpp(67): warning C4244: '인수': 'float'에서 'int'(으)로 변환하면서 데이터가 손실될 수 있습니다.
c:\users\kyungwoong kang\desktop\winapi-worms\worm.cpp(129): warning C4244: '초기화 중': 'float'에서 'int'(으)로 변환하면서 데이터가 손실될 수 있습니다.
c:\users\kyungwoong kang\desktop\winapi-worms\worm.cpp(168): warning C4553: '==': 식의 결과가 사용되지 않습니다. '='을(를) 의도했습니까?
c:\users\kyungwoong kang\desktop\winapi-worms\worm.cpp(172): warning C4553: '==': 식의 결과가 사용되지 않습니다. '='을(를) 의도했습니까?
c:\users\kyungwoong kang\desktop\winapi-worms\worm.cpp(180): warning C4244: '초기화 중': 'LONG'에서 'float'(으)로 변환하면서 데이터가 손실될 수 있습니다.
c:\users\kyungwoong kang\desktop\winapi-worms\worm.cpp(190): warning C4244: '초기화 중': 'float'에서 'int'(으)로 변환하면서 데이터가 손실될 수 있습니다.
c:\users\kyungwoong kang\desktop\winapi-worms\worm.cpp(193): warning C4244: '인수': 'float'에서 'int'(으)로 변환하면서 데이터가 손실될 수 있습니다.
c:\users\kyungwoong kang\desktop\winapi-worms\worm.cpp(197): warning C4244: '인수': 'float'에서 'int'(으)로 변환하면서 데이터가 손실될 수 있습니다.
c:\users\kyungwoong kang\desktop\winapi-worms\worm.cpp(208): warning C4244: '=': 'int'에서 'float'(으)로 변환하면서 데이터가 손실될 수 있습니다.
c:\users\kyungwoong kang\desktop\winapi-worms\worm.cpp(212): warning C4244: '=': 'int'에서 'float'(으)로 변환하면서 데이터가 손실될 수 있습니다.
c:\users\kyungwoong kang\desktop\winapi-worms\worm.cpp(214): warning C4244: '인수': 'float'에서 'int'(으)로 변환하면서 데이터가 손실될 수 있습니다.
c:\users\kyungwoong kang\desktop\winapi-worms\worm.cpp(220): warning C4244: '=': 'int'에서 'float'(으)로 변환하면서 데이터가 손실될 수 있습니다.
c:\users\kyungwoong kang\desktop\winapi-worms\worm.cpp(232): warning C4244: '인수': 'float'에서 'int'(으)로 변환하면서 데이터가 손실될 수 있습니다.
c:\users\kyungwoong kang\desktop\winapi-worms\worm.cpp(240): warning C4305: '+=': 'double'에서 'float'(으)로 잘립니다.
c:\users\kyungwoong kang\desktop\winapi-worms\worm.cpp(248): warning C4305: '=': 'double'에서 'float'(으)로 잘립니다.
c:\users\kyungwoong kang\desktop\winapi-worms\worm.cpp(260): warning C4244: '초기화 중': 'float'에서 'int'(으)로 변환하면서 데이터가 손실될 수 있습니다.
c:\users\kyungwoong kang\desktop\winapi-worms\worm.cpp(283): warning C4244: '초기화 중': 'float'에서 'int'(으)로 변환하면서 데이터가 손실될 수 있습니다.
c:\users\kyungwoong kang\desktop\winapi-worms\worm.cpp(294): warning C4244: '=': 'int'에서 'float'(으)로 변환하면서 데이터가 손실될 수 있습니다.
c:\users\kyungwoong kang\desktop\winapi-worms\worm.cpp(298): warning C4244: '=': 'int'에서 'float'(으)로 변환하면서 데이터가 손실될 수 있습니다.
c:\users\kyungwoong kang\desktop\winapi-worms\worm.cpp(309): warning C4244: '=': 'int'에서 'float'(으)로 변환하면서 데이터가 손실될 수 있습니다.
c:\users\kyungwoong kang\desktop\winapi-worms\worm.cpp(333): warning C4244: '초기화 중': 'float'에서 'int'(으)로 변환하면서 데이터가 손실될 수 있습니다.
c:\users\kyungwoong kang\desktop\winapi-worms\worm.cpp(343): warning C4244: '=': 'int'에서 'float'(으)로 변환하면서 데이터가 손실될 수 있습니다.
c:\users\kyungwoong kang\desktop\winapi-worms\worm.cpp(347): warning C4244: '=': 'int'에서 'float'(으)로 변환하면서 데이터가 손실될 수 있습니다.
c:\users\kyungwoong kang\desktop\winapi-worms\worm.cpp(358): warning C4244: '=': 'int'에서 'float'(으)로 변환하면서 데이터가 손실될 수 있습니다.
c:\users\kyungwoong kang\desktop\winapi-worms\worm.cpp(371): warning C4244: '=': 'int'에서 'float'(으)로 변환하면서 데이터가 손실될 수 있습니다.
c:\users\kyungwoong kang\desktop\winapi-worms\worm.cpp(378): warning C4244: '인수': 'float'에서 'int'(으)로 변환하면서 데이터가 손실될 수 있습니다.
c:\users\kyungwoong kang\desktop\winapi-worms\worm.cpp(392): warning C4244: '초기화 중': 'float'에서 'int'(으)로 변환하면서 데이터가 손실될 수 있습니다.
c:\users\kyungwoong kang\desktop\winapi-worms\worm.cpp(398): warning C4244: '초기화 중': 'float'에서 'int'(으)로 변환하면서 데이터가 손실될 수 있습니다.
c:\users\kyungwoong kang\desktop\winapi-worms\worm.cpp(407): warning C4244: '=': 'int'에서 'float'(으)로 변환하면서 데이터가 손실될 수 있습니다.
c:\users\kyungwoong kang\desktop\winapi-worms\worm.cpp(411): warning C4244: '=': 'int'에서 'float'(으)로 변환하면서 데이터가 손실될 수 있습니다.
c:\users\kyungwoong kang\desktop\winapi-worms\worm.cpp(422): warning C4244: '=': 'int'에서 'float'(으)로 변환하면서 데이터가 손실될 수 있습니다.
c:\users\kyungwoong kang\desktop\winapi-worms\worm.cpp(434): warning C4244: '초기화 중': 'float'에서 'int'(으)로 변환하면서 데이터가 손실될 수 있습니다.
c:\users\kyungwoong kang\desktop\winapi-worms\worm.cpp(443): warning C4244: '=': 'int'에서 'float'(으)로 변환하면서 데이터가 손실될 수 있습니다.
c:\users\kyungwoong kang\desktop\winapi-worms\worm.cpp(447): warning C4244: '=': 'int'에서 'float'(으)로 변환하면서 데이터가 손실될 수 있습니다.
c:\users\kyungwoong kang\desktop\winapi-worms\worm.cpp(458): warning C4244: '=': 'int'에서 'float'(으)로 변환하면서 데이터가 손실될 수 있습니다.
c:\users\kyungwoong kang\desktop\winapi-worms\worm.cpp(473): warning C4244: '인수': 'float'에서 'int'(으)로 변환하면서 데이터가 손실될 수 있습니다.
c:\users\kyungwoong kang\desktop\winapi-worms\worm.cpp(488): warning C4244: '초기화 중': 'float'에서 'int'(으)로 변환하면서 데이터가 손실될 수 있습니다.
c:\users\kyungwoong kang\desktop\winapi-worms\worm.cpp(511): warning C4244: '초기화 중': 'float'에서 'int'(으)로 변환하면서 데이터가 손실될 수 있습니다.
c:\users\kyungwoong kang\desktop\winapi-worms\worm.cpp(519): warning C4244: '=': 'int'에서 'float'(으)로 변환하면서 데이터가 손실될 수 있습니다.
c:\users\kyungwoong kang\desktop\winapi-worms\worm.cpp(524): warning C4244: '=': 'int'에서 'float'(으)로 변환하면서 데이터가 손실될 수 있습니다.
c:\users\kyungwoong kang\desktop\winapi-worms\worm.cpp(552): warning C4244: '초기화 중': 'float'에서 'int'(으)로 변환하면서 데이터가 손실될 수 있습니다.
c:\users\kyungwoong kang\desktop\winapi-worms\worm.cpp(561): warning C4244: '=': 'int'에서 'float'(으)로 변환하면서 데이터가 손실될 수 있습니다.
c:\users\kyungwoong kang\desktop\winapi-worms\worm.cpp(565): warning C4244: '=': 'int'에서 'float'(으)로 변환하면서 데이터가 손실될 수 있습니다.
c:\users\kyungwoong kang\desktop\winapi-worms\worm.cpp(581): warning C4244: '=': 'int'에서 'float'(으)로 변환하면서 데이터가 손실될 수 있습니다.
c:\users\kyungwoong kang\desktop\winapi-worms\worm.cpp(594): warning C4244: '초기화 중': 'float'에서 'int'(으)로 변환하면서 데이터가 손실될 수 있습니다.
c:\users\kyungwoong kang\desktop\winapi-worms\worm.cpp(599): warning C4244: '초기화 중': 'float'에서 'int'(으)로 변환하면서 데이터가 손실될 수 있습니다.
c:\users\kyungwoong kang\desktop\winapi-worms\worm.cpp(607): warning C4244: '=': 'int'에서 'float'(으)로 변환하면서 데이터가 손실될 수 있습니다.
c:\users\kyungwoong kang\desktop\winapi-worms\worm.cpp(611): warning C4244: '=': 'int'에서 'float'(으)로 변환하면서 데이터가 손실될 수 있습니다.
c:\users\kyungwoong kang\desktop\winapi-worms\worm.cpp(625): warning C4244: '초기화 중': 'float'에서 'int'(으)로 변환하면서 데이터가 손실될 수 있습니다.
c:\users\kyungwoong kang\desktop\winapi-worms\worm.cpp(633): warning C4244: '=': 'int'에서 'float'(으)로 변환하면서 데이터가 손실될 수 있습니다.
c:\users\kyungwoong kang\desktop\winapi-worms\worm.cpp(637): warning C4244: '=': 'int'에서 'float'(으)로 변환하면서 데이터가 손실될 수 있습니다.
c:\users\kyungwoong kang\desktop\winapi-worms\worm.cpp(659): warning C4244: '인수': 'float'에서 'int'(으)로 변환하면서 데이터가 손실될 수 있습니다.
  wormManager.cpp
c:\users\kyungwoong kang\desktop\winapi-worms\worm.h(36): warning C4305: '초기화 중': 'double'에서 'float'(으)로 잘립니다.
c:\users\kyungwoong kang\desktop\winapi-worms\worm.h(112): warning C4244: '인수': 'float'에서 'int'(으)로 변환하면서 데이터가 손실될 수 있습니다.
c:\users\kyungwoong kang\desktop\winapi-worms\wormmanager.cpp(119): warning C4244: '초기화 중': 'double'에서 'float'(으)로 변환하면서 데이터가 손실될 수 있습니다.
c:\users\kyungwoong kang\desktop\winapi-worms\wormmanager.cpp(124): warning C4244: '인수': 'double'에서 'float'(으)로 변환하면서 데이터가 손실될 수 있습니다.
c:\users\kyungwoong kang\desktop\winapi-worms\wormmanager.cpp(125): warning C4244: '인수': 'float'에서 'int'(으)로 변환하면서 데이터가 손실될 수 있습니다.
  코드를 생성하고 있습니다.
c:\users\kyungwoong kang\desktop\winapi-worms\attackstate.cpp(31): warning C4715: 'attackState::update': 모든 제어 경로에서 값을 반환하지는 않습니다.
  2228 of 2228 functions (100.0%) were compiled.
    1178 functions were new in current compilation
    0 functions had inline decision re-evaluated but remain unchanged
  코드를 생성했습니다.
  windowsAPI.vcxproj -> C:\Users\kyungwoong kang\Desktop\WinAPI-worms\x64\Release\windowsAPI.exe
