  worm.cpp
c:\users\kyungwoong kang\desktop\winapi-worms\worm.h(33): warning C4305: '초기화 중': 'double'에서 'float'(으)로 잘립니다.
c:\users\kyungwoong kang\desktop\winapi-worms\worm.h(81): warning C4244: '인수': 'float'에서 'int'(으)로 변환하면서 데이터가 손실될 수 있습니다.
c:\users\kyungwoong kang\desktop\winapi-worms\worm.cpp(9): warning C4244: '초기화 중': 'float'에서 'int'(으)로 변환하면서 데이터가 손실될 수 있습니다.
c:\users\kyungwoong kang\desktop\winapi-worms\worm.cpp(62): warning C4244: '인수': 'float'에서 'int'(으)로 변환하면서 데이터가 손실될 수 있습니다.
c:\users\kyungwoong kang\desktop\winapi-worms\worm.cpp(112): warning C4244: '초기화 중': 'float'에서 'int'(으)로 변환하면서 데이터가 손실될 수 있습니다.
c:\users\kyungwoong kang\desktop\winapi-worms\worm.cpp(151): warning C4553: '==': 식의 결과가 사용되지 않습니다. '='을(를) 의도했습니까?
c:\users\kyungwoong kang\desktop\winapi-worms\worm.cpp(155): warning C4553: '==': 식의 결과가 사용되지 않습니다. '='을(를) 의도했습니까?
c:\users\kyungwoong kang\desktop\winapi-worms\worm.cpp(163): warning C4244: '초기화 중': 'LONG'에서 'float'(으)로 변환하면서 데이터가 손실될 수 있습니다.
c:\users\kyungwoong kang\desktop\winapi-worms\worm.cpp(173): warning C4244: '초기화 중': 'float'에서 'int'(으)로 변환하면서 데이터가 손실될 수 있습니다.
c:\users\kyungwoong kang\desktop\winapi-worms\worm.cpp(176): warning C4244: '인수': 'float'에서 'int'(으)로 변환하면서 데이터가 손실될 수 있습니다.
c:\users\kyungwoong kang\desktop\winapi-worms\worm.cpp(180): warning C4244: '인수': 'float'에서 'int'(으)로 변환하면서 데이터가 손실될 수 있습니다.
c:\users\kyungwoong kang\desktop\winapi-worms\worm.cpp(191): warning C4244: '=': 'int'에서 'float'(으)로 변환하면서 데이터가 손실될 수 있습니다.
c:\users\kyungwoong kang\desktop\winapi-worms\worm.cpp(195): warning C4244: '=': 'int'에서 'float'(으)로 변환하면서 데이터가 손실될 수 있습니다.
c:\users\kyungwoong kang\desktop\winapi-worms\worm.cpp(197): warning C4244: '인수': 'float'에서 'int'(으)로 변환하면서 데이터가 손실될 수 있습니다.
c:\users\kyungwoong kang\desktop\winapi-worms\worm.cpp(203): warning C4244: '=': 'int'에서 'float'(으)로 변환하면서 데이터가 손실될 수 있습니다.
c:\users\kyungwoong kang\desktop\winapi-worms\worm.cpp(215): warning C4244: '인수': 'float'에서 'int'(으)로 변환하면서 데이터가 손실될 수 있습니다.
c:\users\kyungwoong kang\desktop\winapi-worms\worm.cpp(222): warning C4305: '+=': 'double'에서 'float'(으)로 잘립니다.
c:\users\kyungwoong kang\desktop\winapi-worms\worm.cpp(230): warning C4244: '초기화 중': 'LONG'에서 'float'(으)로 변환하면서 데이터가 손실될 수 있습니다.
c:\users\kyungwoong kang\desktop\winapi-worms\worm.cpp(237): warning C4244: '초기화 중': 'float'에서 'int'(으)로 변환하면서 데이터가 손실될 수 있습니다.
c:\users\kyungwoong kang\desktop\winapi-worms\worm.cpp(250): warning C4244: '초기화 중': 'float'에서 'int'(으)로 변환하면서 데이터가 손실될 수 있습니다.
c:\users\kyungwoong kang\desktop\winapi-worms\worm.cpp(264): warning C4244: '=': 'int'에서 'float'(으)로 변환하면서 데이터가 손실될 수 있습니다.
c:\users\kyungwoong kang\desktop\winapi-worms\worm.cpp(267): warning C4305: '*=': 'double'에서 'float'(으)로 잘립니다.
c:\users\kyungwoong kang\desktop\winapi-worms\worm.cpp(275): warning C4244: '=': 'int'에서 'float'(으)로 변환하면서 데이터가 손실될 수 있습니다.
c:\users\kyungwoong kang\desktop\winapi-worms\worm.cpp(291): warning C4244: '초기화 중': 'float'에서 'int'(으)로 변환하면서 데이터가 손실될 수 있습니다.
c:\users\kyungwoong kang\desktop\winapi-worms\worm.cpp(304): warning C4244: '=': 'int'에서 'float'(으)로 변환하면서 데이터가 손실될 수 있습니다.
c:\users\kyungwoong kang\desktop\winapi-worms\worm.cpp(307): warning C4305: '*=': 'double'에서 'float'(으)로 잘립니다.
c:\users\kyungwoong kang\desktop\winapi-worms\worm.cpp(315): warning C4244: '=': 'int'에서 'float'(으)로 변환하면서 데이터가 손실될 수 있습니다.
c:\users\kyungwoong kang\desktop\winapi-worms\worm.cpp(328): warning C4244: '=': 'int'에서 'float'(으)로 변환하면서 데이터가 손실될 수 있습니다.
c:\users\kyungwoong kang\desktop\winapi-worms\worm.cpp(336): warning C4244: '인수': 'float'에서 'int'(으)로 변환하면서 데이터가 손실될 수 있습니다.
c:\users\kyungwoong kang\desktop\winapi-worms\worm.cpp(357): warning C4244: '초기화 중': 'float'에서 'int'(으)로 변환하면서 데이터가 손실될 수 있습니다.
c:\users\kyungwoong kang\desktop\winapi-worms\worm.cpp(363): warning C4244: '초기화 중': 'float'에서 'int'(으)로 변환하면서 데이터가 손실될 수 있습니다.
c:\users\kyungwoong kang\desktop\winapi-worms\worm.cpp(375): warning C4244: '=': 'int'에서 'float'(으)로 변환하면서 데이터가 손실될 수 있습니다.
c:\users\kyungwoong kang\desktop\winapi-worms\worm.cpp(378): warning C4305: '*=': 'double'에서 'float'(으)로 잘립니다.
c:\users\kyungwoong kang\desktop\winapi-worms\worm.cpp(386): warning C4244: '=': 'int'에서 'float'(으)로 변환하면서 데이터가 손실될 수 있습니다.
c:\users\kyungwoong kang\desktop\winapi-worms\worm.cpp(398): warning C4244: '초기화 중': 'float'에서 'int'(으)로 변환하면서 데이터가 손실될 수 있습니다.
c:\users\kyungwoong kang\desktop\winapi-worms\worm.cpp(410): warning C4244: '=': 'int'에서 'float'(으)로 변환하면서 데이터가 손실될 수 있습니다.
c:\users\kyungwoong kang\desktop\winapi-worms\worm.cpp(413): warning C4305: '*=': 'double'에서 'float'(으)로 잘립니다.
c:\users\kyungwoong kang\desktop\winapi-worms\worm.cpp(421): warning C4244: '=': 'int'에서 'float'(으)로 변환하면서 데이터가 손실될 수 있습니다.
c:\users\kyungwoong kang\desktop\winapi-worms\worm.cpp(436): warning C4244: '인수': 'float'에서 'int'(으)로 변환하면서 데이터가 손실될 수 있습니다.
c:\users\kyungwoong kang\desktop\winapi-worms\worm.cpp(450): warning C4244: '초기화 중': 'float'에서 'int'(으)로 변환하면서 데이터가 손실될 수 있습니다.
c:\users\kyungwoong kang\desktop\winapi-worms\worm.cpp(464): warning C4244: '초기화 중': 'float'에서 'int'(으)로 변환하면서 데이터가 손실될 수 있습니다.
c:\users\kyungwoong kang\desktop\winapi-worms\worm.cpp(474): warning C4244: '=': 'int'에서 'float'(으)로 변환하면서 데이터가 손실될 수 있습니다.
c:\users\kyungwoong kang\desktop\winapi-worms\worm.cpp(478): warning C4244: '=': 'int'에서 'float'(으)로 변환하면서 데이터가 손실될 수 있습니다.
c:\users\kyungwoong kang\desktop\winapi-worms\worm.cpp(481): warning C4305: '*=': 'double'에서 'float'(으)로 잘립니다.
c:\users\kyungwoong kang\desktop\winapi-worms\worm.cpp(489): warning C4244: '=': 'int'에서 'float'(으)로 변환하면서 데이터가 손실될 수 있습니다.
c:\users\kyungwoong kang\desktop\winapi-worms\worm.cpp(500): warning C4244: '초기화 중': 'float'에서 'int'(으)로 변환하면서 데이터가 손실될 수 있습니다.
c:\users\kyungwoong kang\desktop\winapi-worms\worm.cpp(510): warning C4244: '=': 'int'에서 'float'(으)로 변환하면서 데이터가 손실될 수 있습니다.
c:\users\kyungwoong kang\desktop\winapi-worms\worm.cpp(514): warning C4244: '=': 'int'에서 'float'(으)로 변환하면서 데이터가 손실될 수 있습니다.
c:\users\kyungwoong kang\desktop\winapi-worms\worm.cpp(517): warning C4305: '*=': 'double'에서 'float'(으)로 잘립니다.
c:\users\kyungwoong kang\desktop\winapi-worms\worm.cpp(525): warning C4244: '=': 'int'에서 'float'(으)로 변환하면서 데이터가 손실될 수 있습니다.
c:\users\kyungwoong kang\desktop\winapi-worms\worm.cpp(559): warning C4244: '초기화 중': 'float'에서 'int'(으)로 변환하면서 데이터가 손실될 수 있습니다.
c:\users\kyungwoong kang\desktop\winapi-worms\worm.cpp(561): warning C4244: '인수': 'float'에서 'int'(으)로 변환하면서 데이터가 손실될 수 있습니다.
c:\users\kyungwoong kang\desktop\winapi-worms\worm.cpp(565): warning C4244: '=': 'int'에서 'float'(으)로 변환하면서 데이터가 손실될 수 있습니다.
c:\users\kyungwoong kang\desktop\winapi-worms\worm.cpp(567): warning C4305: '*=': 'double'에서 'float'(으)로 잘립니다.
c:\users\kyungwoong kang\desktop\winapi-worms\worm.cpp(578): warning C4244: '초기화 중': 'float'에서 'int'(으)로 변환하면서 데이터가 손실될 수 있습니다.
c:\users\kyungwoong kang\desktop\winapi-worms\worm.cpp(580): warning C4244: '인수': 'float'에서 'int'(으)로 변환하면서 데이터가 손실될 수 있습니다.
c:\users\kyungwoong kang\desktop\winapi-worms\worm.cpp(584): warning C4244: '=': 'int'에서 'float'(으)로 변환하면서 데이터가 손실될 수 있습니다.
c:\users\kyungwoong kang\desktop\winapi-worms\worm.cpp(586): warning C4305: '*=': 'double'에서 'float'(으)로 잘립니다.
c:\users\kyungwoong kang\desktop\winapi-worms\worm.cpp(605): warning C4244: '인수': 'float'에서 'int'(으)로 변환하면서 데이터가 손실될 수 있습니다.
  windowsAPI.vcxproj -> C:\Users\kyungwoong kang\Desktop\WinAPI-worms\x64\Debug\windowsAPI.exe
